# JRE version: Java(TM) SE Runtime Environment (8.0_202-b08) (build 1.8.0_202-b08)
# Java VM: Java HotSpot(TM) 64-Bit Server VM (25.202-b08 mixed mode windows-amd64 compressed oops)
Heap:
 PSYoungGen      total 54784K, used 42593K [0x00000000d6000000, 0x00000000ddf80000, 0x0000000100000000)
  eden space 49664K, 78% used [0x00000000d6000000,0x00000000d863ec78,0x00000000d9080000)
  from space 5120K, 67% used [0x00000000d9080000,0x00000000d93d99a8,0x00000000d9580000)
  to   space 23552K, 0% used [0x00000000dc880000,0x00000000dc880000,0x00000000ddf80000)
 ParOldGen       total 133120K, used 92109K [0x0000000082000000, 0x000000008a200000, 0x00000000d6000000)
  object space 133120K, 69% used [0x0000000082000000,0x00000000879f34c0,0x000000008a200000)
 Metaspace       used 11140K, capacity 11358K, committed 11648K, reserved 1058816K
  class space    used 1265K, capacity 1323K, committed 1408K, reserved 1048576K
GC Heap History (10 events):
Event: 5.253 GC heap before
{Heap before GC invocations=2 (full 0):
 PSYoungGen      total 37888K, used 37704K [0x00000000d6000000, 0x00000000d8a00000, 0x0000000100000000)
  eden space 32768K, 99% used [0x00000000d6000000,0x00000000d7ffa280,0x00000000d8000000)
  from space 5120K, 96% used [0x00000000d8000000,0x00000000d84d8098,0x00000000d8500000)
  to   space 5120K, 0% used [0x00000000d8500000,0x00000000d8500000,0x00000000d8a00000)
 ParOldGen       total 86016K, used 46448K [0x0000000082000000, 0x0000000087400000, 0x00000000d6000000)
  object space 86016K, 53% used [0x0000000082000000,0x0000000084d5c070,0x0000000087400000)
 Metaspace       used 10905K, capacity 11102K, committed 11392K, reserved 1058816K
  class space    used 1255K, capacity 1323K, committed 1408K, reserved 1048576K
Event: 5.281 GC heap after
Heap after GC invocations=2 (full 0):
 PSYoungGen      total 37888K, used 5098K [0x00000000d6000000, 0x00000000d8a00000, 0x0000000100000000)
  eden space 32768K, 0% used [0x00000000d6000000,0x00000000d6000000,0x00000000d8000000)
  from space 5120K, 99% used [0x00000000d8500000,0x00000000d89faa38,0x00000000d8a00000)
  to   space 5120K, 0% used [0x00000000d8000000,0x00000000d8000000,0x00000000d8500000)
 ParOldGen       total 86016K, used 64872K [0x0000000082000000, 0x0000000087400000, 0x00000000d6000000)
  object space 86016K, 75% used [0x0000000082000000,0x0000000085f5a3d0,0x0000000087400000)
 Metaspace       used 10905K, capacity 11102K, committed 11392K, reserved 1058816K
  class space    used 1255K, capacity 1323K, committed 1408K, reserved 1048576K
}
Event: 5.281 GC heap before
{Heap before GC invocations=3 (full 1):
 PSYoungGen      total 37888K, used 5098K [0x00000000d6000000, 0x00000000d8a00000, 0x0000000100000000)
  eden space 32768K, 0% used [0x00000000d6000000,0x00000000d6000000,0x00000000d8000000)
  from space 5120K, 99% used [0x00000000d8500000,0x00000000d89faa38,0x00000000d8a00000)
  to   space 5120K, 0% used [0x00000000d8000000,0x00000000d8000000,0x00000000d8500000)
 ParOldGen       total 86016K, used 64872K [0x0000000082000000, 0x0000000087400000, 0x00000000d6000000)
  object space 86016K, 75% used [0x0000000082000000,0x0000000085f5a3d0,0x0000000087400000)
 Metaspace       used 10905K, capacity 11102K, committed 11392K, reserved 1058816K
  class space    used 1255K, capacity 1323K, committed 1408K, reserved 1048576K
Event: 5.313 GC heap after
Heap after GC invocations=3 (full 1):
 PSYoungGen      total 37888K, used 0K [0x00000000d6000000, 0x00000000d8a00000, 0x0000000100000000)
  eden space 32768K, 0% used [0x00000000d6000000,0x00000000d6000000,0x00000000d8000000)
  from space 5120K, 0% used [0x00000000d8500000,0x00000000d8500000,0x00000000d8a00000)
  to   space 5120K, 0% used [0x00000000d8000000,0x00000000d8000000,0x00000000d8500000)
 ParOldGen       total 133120K, used 61800K [0x0000000082000000, 0x000000008a200000, 0x00000000d6000000)
  object space 133120K, 46% used [0x0000000082000000,0x0000000085c5a1d0,0x000000008a200000)
 Metaspace       used 10905K, capacity 11102K, committed 11392K, reserved 1058816K
  class space    used 1255K, capacity 1323K, committed 1408K, reserved 1048576K
}
Event: 5.732 GC heap before
{Heap before GC invocations=4 (full 1):
 PSYoungGen      total 37888K, used 32432K [0x00000000d6000000, 0x00000000d8a00000, 0x0000000100000000)
  eden space 32768K, 98% used [0x00000000d6000000,0x00000000d7fac268,0x00000000d8000000)
  from space 5120K, 0% used [0x00000000d8500000,0x00000000d8500000,0x00000000d8a00000)
  to   space 5120K, 0% used [0x00000000d8000000,0x00000000d8000000,0x00000000d8500000)
 ParOldGen       total 133120K, used 61800K [0x0000000082000000, 0x000000008a200000, 0x00000000d6000000)
  object space 133120K, 46% used [0x0000000082000000,0x0000000085c5a1d0,0x000000008a200000)
 Metaspace       used 10978K, capacity 11230K, committed 11392K, reserved 1058816K
  class space    used 1264K, capacity 1323K, committed 1408K, reserved 1048576K
Event: 5.733 GC heap after
Heap after GC invocations=4 (full 1):
 PSYoungGen      total 37888K, used 1376K [0x00000000d6000000, 0x00000000d9b00000, 0x0000000100000000)
  eden space 32768K, 0% used [0x00000000d6000000,0x00000000d6000000,0x00000000d8000000)
  from space 5120K, 26% used [0x00000000d8000000,0x00000000d81581e8,0x00000000d8500000)
  to   space 5120K, 0% used [0x00000000d9600000,0x00000000d9600000,0x00000000d9b00000)
 ParOldGen       total 133120K, used 61808K [0x0000000082000000, 0x000000008a200000, 0x00000000d6000000)
  object space 133120K, 46% used [0x0000000082000000,0x0000000085c5c1d0,0x000000008a200000)
 Metaspace       used 10978K, capacity 11230K, committed 11392K, reserved 1058816K
  class space    used 1264K, capacity 1323K, committed 1408K, reserved 1048576K
}
Event: 6.209 GC heap before
{Heap before GC invocations=5 (full 1):
 PSYoungGen      total 37888K, used 34122K [0x00000000d6000000, 0x00000000d9b00000, 0x0000000100000000)
  eden space 32768K, 99% used [0x00000000d6000000,0x00000000d7ffa6d8,0x00000000d8000000)
  from space 5120K, 26% used [0x00000000d8000000,0x00000000d81581e8,0x00000000d8500000)
  to   space 5120K, 0% used [0x00000000d9600000,0x00000000d9600000,0x00000000d9b00000)
 ParOldGen       total 133120K, used 61808K [0x0000000082000000, 0x000000008a200000, 0x00000000d6000000)
  object space 133120K, 46% used [0x0000000082000000,0x0000000085c5c1d0,0x000000008a200000)
 Metaspace       used 11022K, capacity 11230K, committed 11392K, reserved 1058816K
  class space    used 1264K, capacity 1323K, committed 1408K, reserved 1048576K
Event: 6.212 GC heap after
Heap after GC invocations=5 (full 1):
 PSYoungGen      total 54272K, used 3796K [0x00000000d6000000, 0x00000000d9a80000, 0x0000000100000000)
  eden space 49664K, 0% used [0x00000000d6000000,0x00000000d6000000,0x00000000d9080000)
  from space 4608K, 82% used [0x00000000d9600000,0x00000000d99b5198,0x00000000d9a80000)
  to   space 5120K, 0% used [0x00000000d9080000,0x00000000d9080000,0x00000000d9580000)
 ParOldGen       total 133120K, used 61816K [0x0000000082000000, 0x000000008a200000, 0x00000000d6000000)
  object space 133120K, 46% used [0x0000000082000000,0x0000000085c5e1d0,0x000000008a200000)
 Metaspace       used 11022K, capacity 11230K, committed 11392K, reserved 1058816K
  class space    used 1264K, capacity 1323K, committed 1408K, reserved 1048576K
}
Event: 7.244 GC heap before
{Heap before GC invocations=6 (full 1):
 PSYoungGen      total 54272K, used 53460K [0x00000000d6000000, 0x00000000d9a80000, 0x0000000100000000)
  eden space 49664K, 100% used [0x00000000d6000000,0x00000000d9080000,0x00000000d9080000)
  from space 4608K, 82% used [0x00000000d9600000,0x00000000d99b5198,0x00000000d9a80000)
  to   space 5120K, 0% used [0x00000000d9080000,0x00000000d9080000,0x00000000d9580000)
 ParOldGen       total 133120K, used 92101K [0x0000000082000000, 0x000000008a200000, 0x00000000d6000000)
  object space 133120K, 69% used [0x0000000082000000,0x00000000879f14c0,0x000000008a200000)
 Metaspace       used 11104K, capacity 11294K, committed 11392K, reserved 1058816K
  class space    used 1265K, capacity 1323K, committed 1408K, reserved 1048576K
Event: 7.276 GC heap after
Heap after GC invocations=6 (full 1):
 PSYoungGen      total 54784K, used 3430K [0x00000000d6000000, 0x00000000ddf80000, 0x0000000100000000)
  eden space 49664K, 0% used [0x00000000d6000000,0x00000000d6000000,0x00000000d9080000)
  from space 5120K, 67% used [0x00000000d9080000,0x00000000d93d99a8,0x00000000d9580000)
  to   space 23552K, 0% used [0x00000000dc880000,0x00000000dc880000,0x00000000ddf80000)
 ParOldGen       total 133120K, used 92109K [0x0000000082000000, 0x000000008a200000, 0x00000000d6000000)
  object space 133120K, 69% used [0x0000000082000000,0x00000000879f34c0,0x000000008a200000)
 Metaspace       used 11104K, capacity 11294K, committed 11392K, reserved 1058816K
  class space    used 1265K, capacity 1323K, committed 1408K, reserved 1048576K
}

